<?xml version="1.0" encoding="UTF-8"?>
<!-- Generated by org.testng.reporters.JUnitXMLReporter -->
<testsuite hostname="DESKTOP-8UCA3KP" ignored="0" name="Default test" tests="4" failures="0" timestamp="15 Jun 2018 17:52:27 GMT" time="0.107" errors="0">
  <testcase name="classd" time="0.015" classname="order.D"/>
  <testcase name="classa" time="0.001" classname="order.A"/>
  <testcase name="classc" time="0.002" classname="order.C"/>
  <testcase name="classb" time="0.004" classname="order.B"/>
</testsuite> <!-- Default test -->
