<?xml version="1.0" encoding="UTF-8"?>
<!-- Generated by org.testng.reporters.JUnitXMLReporter -->
<testsuite hostname="DESKTOP-8UCA3KP" ignored="2" name="Test" tests="0" failures="0" timestamp="30 Jun 2018 17:21:16 GMT" time="0.03" errors="0">
  <testcase name="cleads" time="0.0" classname="parallel.CreateLeadSe">
    <ignored/>
  </testcase> <!-- cleads -->
  <testcase name="ELeadse" time="0.0" classname="parallel.EditLeadse">
    <ignored/>
  </testcase> <!-- ELeadse -->
</testsuite> <!-- Test -->
