<?xml version="1.0" encoding="UTF-8"?>
<testng-results skipped="0" failed="0" ignored="0" total="4" passed="4">
  <reporter-output>
  </reporter-output>
  <suite name="Default suite" duration-ms="107" started-at="2018-06-15T17:52:26Z" finished-at="2018-06-15T17:52:27Z">
    <groups>
    </groups>
    <test name="Default test" duration-ms="107" started-at="2018-06-15T17:52:26Z" finished-at="2018-06-15T17:52:27Z">
      <class name="order.D">
        <test-method status="PASS" signature="classd()[pri:0, instance:order.D@4bee09]" name="classd" duration-ms="15" started-at="2018-06-15T23:22:27Z" finished-at="2018-06-15T23:22:27Z">
          <reporter-output>
          </reporter-output>
        </test-method> <!-- classd -->
      </class> <!-- order.D -->
      <class name="order.A">
        <test-method status="PASS" signature="classa()[pri:0, instance:order.A@19963d8]" name="classa" duration-ms="1" started-at="2018-06-15T23:22:27Z" finished-at="2018-06-15T23:22:27Z">
          <reporter-output>
          </reporter-output>
        </test-method> <!-- classa -->
      </class> <!-- order.A -->
      <class name="order.B">
        <test-method status="PASS" signature="classb()[pri:0, instance:order.B@bbfa04]" name="classb" duration-ms="4" started-at="2018-06-15T23:22:27Z" depends-on-methods="order.C.classc" finished-at="2018-06-15T23:22:27Z">
          <reporter-output>
          </reporter-output>
        </test-method> <!-- classb -->
      </class> <!-- order.B -->
      <class name="order.C">
        <test-method status="PASS" signature="classc()[pri:0, instance:order.C@18067a5]" name="classc" duration-ms="2" started-at="2018-06-15T23:22:27Z" depends-on-methods="order.A.classa" finished-at="2018-06-15T23:22:27Z">
          <reporter-output>
          </reporter-output>
        </test-method> <!-- classc -->
      </class> <!-- order.C -->
    </test> <!-- Default test -->
  </suite> <!-- Default suite -->
</testng-results>
